c:\users\administrator\desktop\mfc version\easyqq\client\debug\client.pch
c:\users\administrator\desktop\mfc version\easyqq\client\debug\vc140.pdb
c:\users\administrator\desktop\mfc version\easyqq\client\debug\vc140.idb
c:\users\administrator\desktop\mfc version\easyqq\client\debug\stdafx.obj
c:\users\administrator\desktop\mfc version\easyqq\client\debug\client.obj
c:\users\administrator\desktop\mfc version\easyqq\client\debug\clientdlg.obj
c:\users\administrator\desktop\mfc version\easyqq\client\debug\logindialog.obj
c:\users\administrator\desktop\mfc version\easyqq\debug\client.ilk
c:\users\administrator\desktop\mfc version\easyqq\debug\client.exe
c:\users\administrator\desktop\mfc version\easyqq\debug\client.pdb
c:\users\administrator\desktop\mfc version\easyqq\client\debug\client.res
c:\users\administrator\desktop\mfc version\easyqq\client\debug\client.tlog\cl.command.1.tlog
c:\users\administrator\desktop\mfc version\easyqq\client\debug\client.tlog\cl.read.1.tlog
c:\users\administrator\desktop\mfc version\easyqq\client\debug\client.tlog\cl.write.1.tlog
c:\users\administrator\desktop\mfc version\easyqq\client\debug\client.tlog\link.command.1.tlog
c:\users\administrator\desktop\mfc version\easyqq\client\debug\client.tlog\link.read.1.tlog
c:\users\administrator\desktop\mfc version\easyqq\client\debug\client.tlog\link.write.1.tlog
c:\users\administrator\desktop\mfc version\easyqq\client\debug\client.tlog\rc.command.1.tlog
c:\users\administrator\desktop\mfc version\easyqq\client\debug\client.tlog\rc.read.1.tlog
c:\users\administrator\desktop\mfc version\easyqq\client\debug\client.tlog\rc.write.1.tlog
